[2016-07-01 02:34:32,936][WARN ][cluster.routing.allocation.decider] [Dusk] high disk watermark [90%] exceeded on [fnIy2CA6RJ2OselQHrMRcg][Dusk] free: 33.9gb[9.1%], shards will be relocated away from this node
[2016-07-01 02:34:35,086][INFO ][cluster.routing.allocation.decider] [Dusk] high disk watermark exceeded on one or more nodes, rerouting shards
[2016-07-01 02:34:32,936][WARN ][cluster.routing.allocation.decider] [General Orwell Taylor] high disk watermark [90%] exceeded on [10E9cMA5SHuKaxANK0tBFQ][General Orwell Taylor] free: 33.9gb[9.1%], shards will be relocated away from this node
[2016-07-01 02:34:35,243][INFO ][cluster.routing.allocation.decider] [General Orwell Taylor] high disk watermark exceeded on one or more nodes, rerouting shards
[2016-07-01 02:34:59,587][WARN ][cluster.routing.allocation.decider] [Dusk] high disk watermark [90%] exceeded on [fnIy2CA6RJ2OselQHrMRcg][Dusk] free: 33.9gb[9.1%], shards will be relocated away from this node
[2016-07-01 02:34:59,663][WARN ][cluster.routing.allocation.decider] [General Orwell Taylor] high disk watermark [90%] exceeded on [10E9cMA5SHuKaxANK0tBFQ][General Orwell Taylor] free: 33.9gb[9.1%], shards will be relocated away from this node
[2016-07-01 19:31:07,803][WARN ][cluster.routing.allocation.decider] [General Orwell Taylor] high disk watermark [90%] exceeded on [10E9cMA5SHuKaxANK0tBFQ][General Orwell Taylor] free: 30.4gb[8.1%], shards will be relocated away from this node
[2016-07-01 19:31:07,805][INFO ][cluster.routing.allocation.decider] [General Orwell Taylor] high disk watermark exceeded on one or more nodes, rerouting shards
[2016-07-01 19:31:09,032][WARN ][cluster.routing.allocation.decider] [Dusk] high disk watermark [90%] exceeded on [fnIy2CA6RJ2OselQHrMRcg][Dusk] free: 30.4gb[8.1%], shards will be relocated away from this node
[2016-07-01 19:31:09,300][INFO ][cluster.routing.allocation.decider] [Dusk] high disk watermark exceeded on one or more nodes, rerouting shards
[2016-07-01 19:31:36,167][WARN ][cluster.routing.allocation.decider] [General Orwell Taylor] high disk watermark [90%] exceeded on [10E9cMA5SHuKaxANK0tBFQ][General Orwell Taylor] free: 30.4gb[8.1%], shards will be relocated away from this node
[2016-07-01 19:31:36,491][WARN ][cluster.routing.allocation.decider] [Dusk] high disk watermark [90%] exceeded on [fnIy2CA6RJ2OselQHrMRcg][Dusk] free: 30.4gb[8.1%], shards will be relocated away from this node
[2016-07-01 19:32:05,774][WARN ][cluster.routing.allocation.decider] [General Orwell Taylor] high disk watermark [90%] exceeded on [10E9cMA5SHuKaxANK0tBFQ][General Orwell Taylor] free: 33.9gb[9.1%], shards will be relocated away from this node
[2016-07-01 19:32:06,490][WARN ][cluster.routing.allocation.decider] [Dusk] high disk watermark [90%] exceeded on [fnIy2CA6RJ2OselQHrMRcg][Dusk] free: 33.9gb[9.1%], shards will be relocated away from this node
[2016-07-01 19:32:35,775][WARN ][cluster.routing.allocation.decider] [General Orwell Taylor] high disk watermark [90%] exceeded on [10E9cMA5SHuKaxANK0tBFQ][General Orwell Taylor] free: 33.9gb[9.1%], shards will be relocated away from this node
[2016-07-01 19:32:35,777][INFO ][cluster.routing.allocation.decider] [General Orwell Taylor] high disk watermark exceeded on one or more nodes, rerouting shards
[2016-07-01 19:32:36,491][WARN ][cluster.routing.allocation.decider] [Dusk] high disk watermark [90%] exceeded on [fnIy2CA6RJ2OselQHrMRcg][Dusk] free: 33.9gb[9.1%], shards will be relocated away from this node
[2016-07-01 19:32:36,493][INFO ][cluster.routing.allocation.decider] [Dusk] high disk watermark exceeded on one or more nodes, rerouting shards
[2016-07-01 19:33:05,776][WARN ][cluster.routing.allocation.decider] [General Orwell Taylor] high disk watermark [90%] exceeded on [10E9cMA5SHuKaxANK0tBFQ][General Orwell Taylor] free: 33.9gb[9.1%], shards will be relocated away from this node
[2016-07-01 19:33:06,492][WARN ][cluster.routing.allocation.decider] [Dusk] high disk watermark [90%] exceeded on [fnIy2CA6RJ2OselQHrMRcg][Dusk] free: 33.9gb[9.1%], shards will be relocated away from this node
[2016-07-01 19:33:35,775][WARN ][cluster.routing.allocation.decider] [General Orwell Taylor] high disk watermark [90%] exceeded on [10E9cMA5SHuKaxANK0tBFQ][General Orwell Taylor] free: 33.9gb[9.1%], shards will be relocated away from this node
[2016-07-01 19:33:35,777][INFO ][cluster.routing.allocation.decider] [General Orwell Taylor] high disk watermark exceeded on one or more nodes, rerouting shards
[2016-07-01 19:33:36,492][WARN ][cluster.routing.allocation.decider] [Dusk] high disk watermark [90%] exceeded on [fnIy2CA6RJ2OselQHrMRcg][Dusk] free: 33.9gb[9.1%], shards will be relocated away from this node
[2016-07-01 19:33:36,493][INFO ][cluster.routing.allocation.decider] [Dusk] high disk watermark exceeded on one or more nodes, rerouting shards
[2016-07-01 19:34:05,776][WARN ][cluster.routing.allocation.decider] [General Orwell Taylor] high disk watermark [90%] exceeded on [10E9cMA5SHuKaxANK0tBFQ][General Orwell Taylor] free: 33.9gb[9.1%], shards will be relocated away from this node
[2016-07-01 19:34:06,493][WARN ][cluster.routing.allocation.decider] [Dusk] high disk watermark [90%] exceeded on [fnIy2CA6RJ2OselQHrMRcg][Dusk] free: 33.9gb[9.1%], shards will be relocated away from this node
[2016-07-01 19:34:35,778][WARN ][cluster.routing.allocation.decider] [General Orwell Taylor] high disk watermark [90%] exceeded on [10E9cMA5SHuKaxANK0tBFQ][General Orwell Taylor] free: 33.9gb[9.1%], shards will be relocated away from this node
[2016-07-01 19:34:35,780][INFO ][cluster.routing.allocation.decider] [General Orwell Taylor] high disk watermark exceeded on one or more nodes, rerouting shards
[2016-07-01 19:34:36,493][WARN ][cluster.routing.allocation.decider] [Dusk] high disk watermark [90%] exceeded on [fnIy2CA6RJ2OselQHrMRcg][Dusk] free: 33.9gb[9.1%], shards will be relocated away from this node
[2016-07-01 19:34:36,494][INFO ][cluster.routing.allocation.decider] [Dusk] high disk watermark exceeded on one or more nodes, rerouting shards
[2016-07-01 19:35:05,779][WARN ][cluster.routing.allocation.decider] [General Orwell Taylor] high disk watermark [90%] exceeded on [10E9cMA5SHuKaxANK0tBFQ][General Orwell Taylor] free: 33.9gb[9.1%], shards will be relocated away from this node
[2016-07-01 19:35:06,494][WARN ][cluster.routing.allocation.decider] [Dusk] high disk watermark [90%] exceeded on [fnIy2CA6RJ2OselQHrMRcg][Dusk] free: 33.9gb[9.1%], shards will be relocated away from this node
[2016-07-01 19:35:35,779][WARN ][cluster.routing.allocation.decider] [General Orwell Taylor] high disk watermark [90%] exceeded on [10E9cMA5SHuKaxANK0tBFQ][General Orwell Taylor] free: 33.9gb[9.1%], shards will be relocated away from this node
[2016-07-01 19:35:35,780][INFO ][cluster.routing.allocation.decider] [General Orwell Taylor] high disk watermark exceeded on one or more nodes, rerouting shards
[2016-07-01 19:35:36,494][WARN ][cluster.routing.allocation.decider] [Dusk] high disk watermark [90%] exceeded on [fnIy2CA6RJ2OselQHrMRcg][Dusk] free: 33.9gb[9.1%], shards will be relocated away from this node
[2016-07-01 19:35:36,496][INFO ][cluster.routing.allocation.decider] [Dusk] high disk watermark exceeded on one or more nodes, rerouting shards
[2016-07-01 19:36:05,780][WARN ][cluster.routing.allocation.decider] [General Orwell Taylor] high disk watermark [90%] exceeded on [10E9cMA5SHuKaxANK0tBFQ][General Orwell Taylor] free: 33.9gb[9.1%], shards will be relocated away from this node
[2016-07-01 19:36:06,496][WARN ][cluster.routing.allocation.decider] [Dusk] high disk watermark [90%] exceeded on [fnIy2CA6RJ2OselQHrMRcg][Dusk] free: 33.9gb[9.1%], shards will be relocated away from this node
[2016-07-01 19:36:35,780][WARN ][cluster.routing.allocation.decider] [General Orwell Taylor] high disk watermark [90%] exceeded on [10E9cMA5SHuKaxANK0tBFQ][General Orwell Taylor] free: 33.9gb[9.1%], shards will be relocated away from this node
[2016-07-01 19:36:35,781][INFO ][cluster.routing.allocation.decider] [General Orwell Taylor] high disk watermark exceeded on one or more nodes, rerouting shards
[2016-07-01 19:36:36,498][WARN ][cluster.routing.allocation.decider] [Dusk] high disk watermark [90%] exceeded on [fnIy2CA6RJ2OselQHrMRcg][Dusk] free: 33.9gb[9.1%], shards will be relocated away from this node
[2016-07-01 19:36:36,499][INFO ][cluster.routing.allocation.decider] [Dusk] high disk watermark exceeded on one or more nodes, rerouting shards
[2016-07-01 19:37:05,781][WARN ][cluster.routing.allocation.decider] [General Orwell Taylor] high disk watermark [90%] exceeded on [10E9cMA5SHuKaxANK0tBFQ][General Orwell Taylor] free: 33.9gb[9.1%], shards will be relocated away from this node
[2016-07-01 19:37:06,499][WARN ][cluster.routing.allocation.decider] [Dusk] high disk watermark [90%] exceeded on [fnIy2CA6RJ2OselQHrMRcg][Dusk] free: 33.9gb[9.1%], shards will be relocated away from this node
[2016-07-01 19:37:35,781][WARN ][cluster.routing.allocation.decider] [General Orwell Taylor] high disk watermark [90%] exceeded on [10E9cMA5SHuKaxANK0tBFQ][General Orwell Taylor] free: 33.9gb[9.1%], shards will be relocated away from this node
[2016-07-01 19:37:35,783][INFO ][cluster.routing.allocation.decider] [General Orwell Taylor] high disk watermark exceeded on one or more nodes, rerouting shards
[2016-07-01 19:37:36,500][WARN ][cluster.routing.allocation.decider] [Dusk] high disk watermark [90%] exceeded on [fnIy2CA6RJ2OselQHrMRcg][Dusk] free: 33.9gb[9.1%], shards will be relocated away from this node
[2016-07-01 19:37:36,502][INFO ][cluster.routing.allocation.decider] [Dusk] high disk watermark exceeded on one or more nodes, rerouting shards
[2016-07-01 19:38:05,782][WARN ][cluster.routing.allocation.decider] [General Orwell Taylor] high disk watermark [90%] exceeded on [10E9cMA5SHuKaxANK0tBFQ][General Orwell Taylor] free: 33.9gb[9.1%], shards will be relocated away from this node
[2016-07-01 19:38:06,501][WARN ][cluster.routing.allocation.decider] [Dusk] high disk watermark [90%] exceeded on [fnIy2CA6RJ2OselQHrMRcg][Dusk] free: 33.9gb[9.1%], shards will be relocated away from this node
[2016-07-01 19:38:35,783][WARN ][cluster.routing.allocation.decider] [General Orwell Taylor] high disk watermark [90%] exceeded on [10E9cMA5SHuKaxANK0tBFQ][General Orwell Taylor] free: 33.9gb[9.1%], shards will be relocated away from this node
[2016-07-01 19:38:35,785][INFO ][cluster.routing.allocation.decider] [General Orwell Taylor] high disk watermark exceeded on one or more nodes, rerouting shards
[2016-07-01 19:38:36,502][WARN ][cluster.routing.allocation.decider] [Dusk] high disk watermark [90%] exceeded on [fnIy2CA6RJ2OselQHrMRcg][Dusk] free: 33.9gb[9.1%], shards will be relocated away from this node
[2016-07-01 19:38:36,503][INFO ][cluster.routing.allocation.decider] [Dusk] high disk watermark exceeded on one or more nodes, rerouting shards
[2016-07-01 19:39:05,784][WARN ][cluster.routing.allocation.decider] [General Orwell Taylor] high disk watermark [90%] exceeded on [10E9cMA5SHuKaxANK0tBFQ][General Orwell Taylor] free: 33.9gb[9.1%], shards will be relocated away from this node
[2016-07-01 19:39:06,503][WARN ][cluster.routing.allocation.decider] [Dusk] high disk watermark [90%] exceeded on [fnIy2CA6RJ2OselQHrMRcg][Dusk] free: 33.9gb[9.1%], shards will be relocated away from this node
[2016-07-01 19:39:35,786][WARN ][cluster.routing.allocation.decider] [General Orwell Taylor] high disk watermark [90%] exceeded on [10E9cMA5SHuKaxANK0tBFQ][General Orwell Taylor] free: 33.9gb[9.1%], shards will be relocated away from this node
[2016-07-01 19:39:35,788][INFO ][cluster.routing.allocation.decider] [General Orwell Taylor] high disk watermark exceeded on one or more nodes, rerouting shards
[2016-07-01 19:39:36,504][WARN ][cluster.routing.allocation.decider] [Dusk] high disk watermark [90%] exceeded on [fnIy2CA6RJ2OselQHrMRcg][Dusk] free: 33.9gb[9.1%], shards will be relocated away from this node
[2016-07-01 19:39:36,505][INFO ][cluster.routing.allocation.decider] [Dusk] high disk watermark exceeded on one or more nodes, rerouting shards
[2016-07-01 19:40:05,786][WARN ][cluster.routing.allocation.decider] [General Orwell Taylor] high disk watermark [90%] exceeded on [10E9cMA5SHuKaxANK0tBFQ][General Orwell Taylor] free: 33.9gb[9.1%], shards will be relocated away from this node
[2016-07-01 19:40:06,524][WARN ][cluster.routing.allocation.decider] [Dusk] high disk watermark [90%] exceeded on [fnIy2CA6RJ2OselQHrMRcg][Dusk] free: 33.9gb[9.1%], shards will be relocated away from this node
[2016-07-01 19:40:35,787][WARN ][cluster.routing.allocation.decider] [General Orwell Taylor] high disk watermark [90%] exceeded on [10E9cMA5SHuKaxANK0tBFQ][General Orwell Taylor] free: 33.9gb[9.1%], shards will be relocated away from this node
[2016-07-01 19:40:35,789][INFO ][cluster.routing.allocation.decider] [General Orwell Taylor] high disk watermark exceeded on one or more nodes, rerouting shards
[2016-07-01 19:40:36,505][WARN ][cluster.routing.allocation.decider] [Dusk] high disk watermark [90%] exceeded on [fnIy2CA6RJ2OselQHrMRcg][Dusk] free: 33.9gb[9.1%], shards will be relocated away from this node
[2016-07-01 19:40:36,507][INFO ][cluster.routing.allocation.decider] [Dusk] high disk watermark exceeded on one or more nodes, rerouting shards
[2016-07-01 19:41:05,788][WARN ][cluster.routing.allocation.decider] [General Orwell Taylor] high disk watermark [90%] exceeded on [10E9cMA5SHuKaxANK0tBFQ][General Orwell Taylor] free: 33.9gb[9.1%], shards will be relocated away from this node
[2016-07-01 19:41:06,506][WARN ][cluster.routing.allocation.decider] [Dusk] high disk watermark [90%] exceeded on [fnIy2CA6RJ2OselQHrMRcg][Dusk] free: 33.9gb[9.1%], shards will be relocated away from this node
[2016-07-01 19:41:35,788][WARN ][cluster.routing.allocation.decider] [General Orwell Taylor] high disk watermark [90%] exceeded on [10E9cMA5SHuKaxANK0tBFQ][General Orwell Taylor] free: 33.9gb[9.1%], shards will be relocated away from this node
[2016-07-01 19:41:35,790][INFO ][cluster.routing.allocation.decider] [General Orwell Taylor] high disk watermark exceeded on one or more nodes, rerouting shards
[2016-07-01 19:41:36,535][WARN ][cluster.routing.allocation.decider] [Dusk] high disk watermark [90%] exceeded on [fnIy2CA6RJ2OselQHrMRcg][Dusk] free: 33.9gb[9.1%], shards will be relocated away from this node
[2016-07-01 19:41:36,536][INFO ][cluster.routing.allocation.decider] [Dusk] high disk watermark exceeded on one or more nodes, rerouting shards
[2016-07-01 19:42:05,788][WARN ][cluster.routing.allocation.decider] [General Orwell Taylor] high disk watermark [90%] exceeded on [10E9cMA5SHuKaxANK0tBFQ][General Orwell Taylor] free: 33.9gb[9.1%], shards will be relocated away from this node
[2016-07-01 19:42:06,507][WARN ][cluster.routing.allocation.decider] [Dusk] high disk watermark [90%] exceeded on [fnIy2CA6RJ2OselQHrMRcg][Dusk] free: 33.9gb[9.1%], shards will be relocated away from this node
[2016-07-01 19:42:35,789][WARN ][cluster.routing.allocation.decider] [General Orwell Taylor] high disk watermark [90%] exceeded on [10E9cMA5SHuKaxANK0tBFQ][General Orwell Taylor] free: 33.9gb[9.1%], shards will be relocated away from this node
[2016-07-01 19:42:35,790][INFO ][cluster.routing.allocation.decider] [General Orwell Taylor] high disk watermark exceeded on one or more nodes, rerouting shards
[2016-07-01 19:42:36,523][WARN ][cluster.routing.allocation.decider] [Dusk] high disk watermark [90%] exceeded on [fnIy2CA6RJ2OselQHrMRcg][Dusk] free: 33.9gb[9.1%], shards will be relocated away from this node
[2016-07-01 19:43:05,789][WARN ][cluster.routing.allocation.decider] [General Orwell Taylor] high disk watermark [90%] exceeded on [10E9cMA5SHuKaxANK0tBFQ][General Orwell Taylor] free: 33.9gb[9.1%], shards will be relocated away from this node
[2016-07-01 19:43:06,525][WARN ][cluster.routing.allocation.decider] [Dusk] high disk watermark [90%] exceeded on [fnIy2CA6RJ2OselQHrMRcg][Dusk] free: 33.9gb[9.1%], shards will be relocated away from this node
[2016-07-01 19:43:06,527][INFO ][cluster.routing.allocation.decider] [Dusk] high disk watermark exceeded on one or more nodes, rerouting shards
[2016-07-01 19:43:35,790][WARN ][cluster.routing.allocation.decider] [General Orwell Taylor] high disk watermark [90%] exceeded on [10E9cMA5SHuKaxANK0tBFQ][General Orwell Taylor] free: 33.9gb[9.1%], shards will be relocated away from this node
[2016-07-01 19:43:35,791][INFO ][cluster.routing.allocation.decider] [General Orwell Taylor] high disk watermark exceeded on one or more nodes, rerouting shards
[2016-07-01 19:43:36,568][WARN ][cluster.routing.allocation.decider] [Dusk] high disk watermark [90%] exceeded on [fnIy2CA6RJ2OselQHrMRcg][Dusk] free: 33.9gb[9.1%], shards will be relocated away from this node
[2016-07-01 19:44:05,790][WARN ][cluster.routing.allocation.decider] [General Orwell Taylor] high disk watermark [90%] exceeded on [10E9cMA5SHuKaxANK0tBFQ][General Orwell Taylor] free: 33.9gb[9.1%], shards will be relocated away from this node
[2016-07-01 19:44:06,509][WARN ][cluster.routing.allocation.decider] [Dusk] high disk watermark [90%] exceeded on [fnIy2CA6RJ2OselQHrMRcg][Dusk] free: 33.9gb[9.1%], shards will be relocated away from this node
[2016-07-01 19:44:35,791][WARN ][cluster.routing.allocation.decider] [General Orwell Taylor] high disk watermark [90%] exceeded on [10E9cMA5SHuKaxANK0tBFQ][General Orwell Taylor] free: 33.9gb[9.1%], shards will be relocated away from this node
[2016-07-01 19:44:35,793][INFO ][cluster.routing.allocation.decider] [General Orwell Taylor] high disk watermark exceeded on one or more nodes, rerouting shards
[2016-07-01 19:44:36,511][WARN ][cluster.routing.allocation.decider] [Dusk] high disk watermark [90%] exceeded on [fnIy2CA6RJ2OselQHrMRcg][Dusk] free: 33.9gb[9.1%], shards will be relocated away from this node
[2016-07-01 19:44:36,513][INFO ][cluster.routing.allocation.decider] [Dusk] high disk watermark exceeded on one or more nodes, rerouting shards
[2016-07-01 19:45:05,792][WARN ][cluster.routing.allocation.decider] [General Orwell Taylor] high disk watermark [90%] exceeded on [10E9cMA5SHuKaxANK0tBFQ][General Orwell Taylor] free: 33.9gb[9.1%], shards will be relocated away from this node
[2016-07-01 19:45:06,512][WARN ][cluster.routing.allocation.decider] [Dusk] high disk watermark [90%] exceeded on [fnIy2CA6RJ2OselQHrMRcg][Dusk] free: 33.9gb[9.1%], shards will be relocated away from this node
[2016-07-01 19:45:35,792][WARN ][cluster.routing.allocation.decider] [General Orwell Taylor] high disk watermark [90%] exceeded on [10E9cMA5SHuKaxANK0tBFQ][General Orwell Taylor] free: 33.9gb[9.1%], shards will be relocated away from this node
[2016-07-01 19:45:35,794][INFO ][cluster.routing.allocation.decider] [General Orwell Taylor] high disk watermark exceeded on one or more nodes, rerouting shards
[2016-07-01 19:45:36,512][WARN ][cluster.routing.allocation.decider] [Dusk] high disk watermark [90%] exceeded on [fnIy2CA6RJ2OselQHrMRcg][Dusk] free: 33.9gb[9.1%], shards will be relocated away from this node
[2016-07-01 19:45:36,513][INFO ][cluster.routing.allocation.decider] [Dusk] high disk watermark exceeded on one or more nodes, rerouting shards
[2016-07-01 19:46:05,793][WARN ][cluster.routing.allocation.decider] [General Orwell Taylor] high disk watermark [90%] exceeded on [10E9cMA5SHuKaxANK0tBFQ][General Orwell Taylor] free: 33.9gb[9.1%], shards will be relocated away from this node
[2016-07-01 19:46:06,513][WARN ][cluster.routing.allocation.decider] [Dusk] high disk watermark [90%] exceeded on [fnIy2CA6RJ2OselQHrMRcg][Dusk] free: 33.9gb[9.1%], shards will be relocated away from this node
[2016-07-01 19:46:35,794][WARN ][cluster.routing.allocation.decider] [General Orwell Taylor] high disk watermark [90%] exceeded on [10E9cMA5SHuKaxANK0tBFQ][General Orwell Taylor] free: 33.9gb[9.1%], shards will be relocated away from this node
[2016-07-01 19:46:35,796][INFO ][cluster.routing.allocation.decider] [General Orwell Taylor] high disk watermark exceeded on one or more nodes, rerouting shards
[2016-07-01 19:46:36,515][WARN ][cluster.routing.allocation.decider] [Dusk] high disk watermark [90%] exceeded on [fnIy2CA6RJ2OselQHrMRcg][Dusk] free: 33.9gb[9.1%], shards will be relocated away from this node
[2016-07-01 19:46:36,516][INFO ][cluster.routing.allocation.decider] [Dusk] high disk watermark exceeded on one or more nodes, rerouting shards
[2016-07-01 19:47:05,795][WARN ][cluster.routing.allocation.decider] [General Orwell Taylor] high disk watermark [90%] exceeded on [10E9cMA5SHuKaxANK0tBFQ][General Orwell Taylor] free: 33.9gb[9.1%], shards will be relocated away from this node
[2016-07-01 19:47:06,515][WARN ][cluster.routing.allocation.decider] [Dusk] high disk watermark [90%] exceeded on [fnIy2CA6RJ2OselQHrMRcg][Dusk] free: 33.9gb[9.1%], shards will be relocated away from this node
[2016-07-01 19:47:35,796][WARN ][cluster.routing.allocation.decider] [General Orwell Taylor] high disk watermark [90%] exceeded on [10E9cMA5SHuKaxANK0tBFQ][General Orwell Taylor] free: 33.9gb[9.1%], shards will be relocated away from this node
[2016-07-01 19:47:35,797][INFO ][cluster.routing.allocation.decider] [General Orwell Taylor] high disk watermark exceeded on one or more nodes, rerouting shards
[2016-07-01 19:47:36,516][WARN ][cluster.routing.allocation.decider] [Dusk] high disk watermark [90%] exceeded on [fnIy2CA6RJ2OselQHrMRcg][Dusk] free: 33.9gb[9.1%], shards will be relocated away from this node
[2016-07-01 19:47:36,517][INFO ][cluster.routing.allocation.decider] [Dusk] high disk watermark exceeded on one or more nodes, rerouting shards
[2016-07-01 19:48:05,797][WARN ][cluster.routing.allocation.decider] [General Orwell Taylor] high disk watermark [90%] exceeded on [10E9cMA5SHuKaxANK0tBFQ][General Orwell Taylor] free: 33.9gb[9.1%], shards will be relocated away from this node
[2016-07-01 19:48:06,546][WARN ][cluster.routing.allocation.decider] [Dusk] high disk watermark [90%] exceeded on [fnIy2CA6RJ2OselQHrMRcg][Dusk] free: 33.9gb[9.1%], shards will be relocated away from this node
[2016-07-01 19:48:35,797][WARN ][cluster.routing.allocation.decider] [General Orwell Taylor] high disk watermark [90%] exceeded on [10E9cMA5SHuKaxANK0tBFQ][General Orwell Taylor] free: 33.9gb[9.1%], shards will be relocated away from this node
[2016-07-01 19:48:35,798][INFO ][cluster.routing.allocation.decider] [General Orwell Taylor] high disk watermark exceeded on one or more nodes, rerouting shards
[2016-07-01 19:48:36,518][WARN ][cluster.routing.allocation.decider] [Dusk] high disk watermark [90%] exceeded on [fnIy2CA6RJ2OselQHrMRcg][Dusk] free: 33.9gb[9.1%], shards will be relocated away from this node
[2016-07-01 19:48:36,519][INFO ][cluster.routing.allocation.decider] [Dusk] high disk watermark exceeded on one or more nodes, rerouting shards
[2016-07-01 19:49:05,797][WARN ][cluster.routing.allocation.decider] [General Orwell Taylor] high disk watermark [90%] exceeded on [10E9cMA5SHuKaxANK0tBFQ][General Orwell Taylor] free: 33.9gb[9.1%], shards will be relocated away from this node
[2016-07-01 19:49:06,519][WARN ][cluster.routing.allocation.decider] [Dusk] high disk watermark [90%] exceeded on [fnIy2CA6RJ2OselQHrMRcg][Dusk] free: 33.9gb[9.1%], shards will be relocated away from this node
[2016-07-01 19:49:35,797][WARN ][cluster.routing.allocation.decider] [General Orwell Taylor] high disk watermark [90%] exceeded on [10E9cMA5SHuKaxANK0tBFQ][General Orwell Taylor] free: 33.9gb[9.1%], shards will be relocated away from this node
[2016-07-01 19:49:35,799][INFO ][cluster.routing.allocation.decider] [General Orwell Taylor] high disk watermark exceeded on one or more nodes, rerouting shards
[2016-07-01 19:49:36,520][WARN ][cluster.routing.allocation.decider] [Dusk] high disk watermark [90%] exceeded on [fnIy2CA6RJ2OselQHrMRcg][Dusk] free: 33.9gb[9.1%], shards will be relocated away from this node
[2016-07-01 19:49:36,521][INFO ][cluster.routing.allocation.decider] [Dusk] high disk watermark exceeded on one or more nodes, rerouting shards
[2016-07-01 19:50:05,799][WARN ][cluster.routing.allocation.decider] [General Orwell Taylor] high disk watermark [90%] exceeded on [10E9cMA5SHuKaxANK0tBFQ][General Orwell Taylor] free: 33.9gb[9.1%], shards will be relocated away from this node
[2016-07-01 19:50:06,521][WARN ][cluster.routing.allocation.decider] [Dusk] high disk watermark [90%] exceeded on [fnIy2CA6RJ2OselQHrMRcg][Dusk] free: 33.9gb[9.1%], shards will be relocated away from this node
[2016-07-01 19:50:35,798][WARN ][cluster.routing.allocation.decider] [General Orwell Taylor] high disk watermark [90%] exceeded on [10E9cMA5SHuKaxANK0tBFQ][General Orwell Taylor] free: 33.9gb[9.1%], shards will be relocated away from this node
[2016-07-01 19:50:35,800][INFO ][cluster.routing.allocation.decider] [General Orwell Taylor] high disk watermark exceeded on one or more nodes, rerouting shards
[2016-07-01 19:50:36,522][WARN ][cluster.routing.allocation.decider] [Dusk] high disk watermark [90%] exceeded on [fnIy2CA6RJ2OselQHrMRcg][Dusk] free: 33.9gb[9.1%], shards will be relocated away from this node
[2016-07-01 19:50:36,523][INFO ][cluster.routing.allocation.decider] [Dusk] high disk watermark exceeded on one or more nodes, rerouting shards
[2016-07-01 19:51:05,800][WARN ][cluster.routing.allocation.decider] [General Orwell Taylor] high disk watermark [90%] exceeded on [10E9cMA5SHuKaxANK0tBFQ][General Orwell Taylor] free: 33.9gb[9.1%], shards will be relocated away from this node
[2016-07-01 19:51:06,522][WARN ][cluster.routing.allocation.decider] [Dusk] high disk watermark [90%] exceeded on [fnIy2CA6RJ2OselQHrMRcg][Dusk] free: 33.9gb[9.1%], shards will be relocated away from this node
[2016-07-01 19:51:35,801][WARN ][cluster.routing.allocation.decider] [General Orwell Taylor] high disk watermark [90%] exceeded on [10E9cMA5SHuKaxANK0tBFQ][General Orwell Taylor] free: 33.9gb[9.1%], shards will be relocated away from this node
[2016-07-01 19:51:35,802][INFO ][cluster.routing.allocation.decider] [General Orwell Taylor] high disk watermark exceeded on one or more nodes, rerouting shards
[2016-07-01 19:51:36,523][WARN ][cluster.routing.allocation.decider] [Dusk] high disk watermark [90%] exceeded on [fnIy2CA6RJ2OselQHrMRcg][Dusk] free: 33.9gb[9.1%], shards will be relocated away from this node
[2016-07-01 19:51:36,524][INFO ][cluster.routing.allocation.decider] [Dusk] high disk watermark exceeded on one or more nodes, rerouting shards
[2016-07-01 19:52:05,803][WARN ][cluster.routing.allocation.decider] [General Orwell Taylor] high disk watermark [90%] exceeded on [10E9cMA5SHuKaxANK0tBFQ][General Orwell Taylor] free: 33.9gb[9.1%], shards will be relocated away from this node
[2016-07-01 19:52:06,524][WARN ][cluster.routing.allocation.decider] [Dusk] high disk watermark [90%] exceeded on [fnIy2CA6RJ2OselQHrMRcg][Dusk] free: 33.9gb[9.1%], shards will be relocated away from this node
[2016-07-01 19:52:35,803][WARN ][cluster.routing.allocation.decider] [General Orwell Taylor] high disk watermark [90%] exceeded on [10E9cMA5SHuKaxANK0tBFQ][General Orwell Taylor] free: 33.9gb[9.1%], shards will be relocated away from this node
[2016-07-01 19:52:35,805][INFO ][cluster.routing.allocation.decider] [General Orwell Taylor] high disk watermark exceeded on one or more nodes, rerouting shards
[2016-07-01 19:52:36,525][WARN ][cluster.routing.allocation.decider] [Dusk] high disk watermark [90%] exceeded on [fnIy2CA6RJ2OselQHrMRcg][Dusk] free: 33.9gb[9.1%], shards will be relocated away from this node
[2016-07-01 19:52:36,526][INFO ][cluster.routing.allocation.decider] [Dusk] high disk watermark exceeded on one or more nodes, rerouting shards
[2016-07-01 19:53:05,805][WARN ][cluster.routing.allocation.decider] [General Orwell Taylor] high disk watermark [90%] exceeded on [10E9cMA5SHuKaxANK0tBFQ][General Orwell Taylor] free: 33.9gb[9.1%], shards will be relocated away from this node
[2016-07-01 19:53:06,525][WARN ][cluster.routing.allocation.decider] [Dusk] high disk watermark [90%] exceeded on [fnIy2CA6RJ2OselQHrMRcg][Dusk] free: 33.9gb[9.1%], shards will be relocated away from this node
[2016-07-01 19:53:35,805][WARN ][cluster.routing.allocation.decider] [General Orwell Taylor] high disk watermark [90%] exceeded on [10E9cMA5SHuKaxANK0tBFQ][General Orwell Taylor] free: 34gb[9.1%], shards will be relocated away from this node
[2016-07-01 19:53:35,807][INFO ][cluster.routing.allocation.decider] [General Orwell Taylor] high disk watermark exceeded on one or more nodes, rerouting shards
[2016-07-01 19:53:36,525][WARN ][cluster.routing.allocation.decider] [Dusk] high disk watermark [90%] exceeded on [fnIy2CA6RJ2OselQHrMRcg][Dusk] free: 34gb[9.1%], shards will be relocated away from this node
[2016-07-01 19:53:36,527][INFO ][cluster.routing.allocation.decider] [Dusk] high disk watermark exceeded on one or more nodes, rerouting shards
[2016-07-01 19:54:05,804][WARN ][cluster.routing.allocation.decider] [General Orwell Taylor] high disk watermark [90%] exceeded on [10E9cMA5SHuKaxANK0tBFQ][General Orwell Taylor] free: 34gb[9.1%], shards will be relocated away from this node
[2016-07-01 19:54:06,526][WARN ][cluster.routing.allocation.decider] [Dusk] high disk watermark [90%] exceeded on [fnIy2CA6RJ2OselQHrMRcg][Dusk] free: 34gb[9.1%], shards will be relocated away from this node
[2016-07-01 19:54:35,805][WARN ][cluster.routing.allocation.decider] [General Orwell Taylor] high disk watermark [90%] exceeded on [10E9cMA5SHuKaxANK0tBFQ][General Orwell Taylor] free: 34gb[9.1%], shards will be relocated away from this node
[2016-07-01 19:54:35,807][INFO ][cluster.routing.allocation.decider] [General Orwell Taylor] high disk watermark exceeded on one or more nodes, rerouting shards
[2016-07-01 19:54:36,528][WARN ][cluster.routing.allocation.decider] [Dusk] high disk watermark [90%] exceeded on [fnIy2CA6RJ2OselQHrMRcg][Dusk] free: 34gb[9.1%], shards will be relocated away from this node
[2016-07-01 19:54:36,529][INFO ][cluster.routing.allocation.decider] [Dusk] high disk watermark exceeded on one or more nodes, rerouting shards
[2016-07-01 19:55:05,806][WARN ][cluster.routing.allocation.decider] [General Orwell Taylor] high disk watermark [90%] exceeded on [10E9cMA5SHuKaxANK0tBFQ][General Orwell Taylor] free: 34gb[9.1%], shards will be relocated away from this node
[2016-07-01 19:55:06,529][WARN ][cluster.routing.allocation.decider] [Dusk] high disk watermark [90%] exceeded on [fnIy2CA6RJ2OselQHrMRcg][Dusk] free: 34gb[9.1%], shards will be relocated away from this node
[2016-07-01 19:55:35,807][WARN ][cluster.routing.allocation.decider] [General Orwell Taylor] high disk watermark [90%] exceeded on [10E9cMA5SHuKaxANK0tBFQ][General Orwell Taylor] free: 34gb[9.1%], shards will be relocated away from this node
[2016-07-01 19:55:35,809][INFO ][cluster.routing.allocation.decider] [General Orwell Taylor] high disk watermark exceeded on one or more nodes, rerouting shards
[2016-07-01 19:55:36,530][WARN ][cluster.routing.allocation.decider] [Dusk] high disk watermark [90%] exceeded on [fnIy2CA6RJ2OselQHrMRcg][Dusk] free: 34gb[9.1%], shards will be relocated away from this node
[2016-07-01 19:55:36,531][INFO ][cluster.routing.allocation.decider] [Dusk] high disk watermark exceeded on one or more nodes, rerouting shards
[2016-07-01 19:56:05,807][WARN ][cluster.routing.allocation.decider] [General Orwell Taylor] high disk watermark [90%] exceeded on [10E9cMA5SHuKaxANK0tBFQ][General Orwell Taylor] free: 34gb[9.1%], shards will be relocated away from this node
[2016-07-01 19:56:06,531][WARN ][cluster.routing.allocation.decider] [Dusk] high disk watermark [90%] exceeded on [fnIy2CA6RJ2OselQHrMRcg][Dusk] free: 34gb[9.1%], shards will be relocated away from this node
[2016-07-01 19:56:35,809][WARN ][cluster.routing.allocation.decider] [General Orwell Taylor] high disk watermark [90%] exceeded on [10E9cMA5SHuKaxANK0tBFQ][General Orwell Taylor] free: 34gb[9.1%], shards will be relocated away from this node
[2016-07-01 19:56:35,810][INFO ][cluster.routing.allocation.decider] [General Orwell Taylor] high disk watermark exceeded on one or more nodes, rerouting shards
[2016-07-01 19:56:36,531][WARN ][cluster.routing.allocation.decider] [Dusk] high disk watermark [90%] exceeded on [fnIy2CA6RJ2OselQHrMRcg][Dusk] free: 34gb[9.1%], shards will be relocated away from this node
[2016-07-01 19:56:36,532][INFO ][cluster.routing.allocation.decider] [Dusk] high disk watermark exceeded on one or more nodes, rerouting shards
[2016-07-01 19:57:05,810][WARN ][cluster.routing.allocation.decider] [General Orwell Taylor] high disk watermark [90%] exceeded on [10E9cMA5SHuKaxANK0tBFQ][General Orwell Taylor] free: 34gb[9.1%], shards will be relocated away from this node
[2016-07-01 19:57:06,532][WARN ][cluster.routing.allocation.decider] [Dusk] high disk watermark [90%] exceeded on [fnIy2CA6RJ2OselQHrMRcg][Dusk] free: 34gb[9.1%], shards will be relocated away from this node
[2016-07-01 19:57:35,810][WARN ][cluster.routing.allocation.decider] [General Orwell Taylor] high disk watermark [90%] exceeded on [10E9cMA5SHuKaxANK0tBFQ][General Orwell Taylor] free: 34gb[9.1%], shards will be relocated away from this node
[2016-07-01 19:57:35,812][INFO ][cluster.routing.allocation.decider] [General Orwell Taylor] high disk watermark exceeded on one or more nodes, rerouting shards
[2016-07-01 19:57:36,532][WARN ][cluster.routing.allocation.decider] [Dusk] high disk watermark [90%] exceeded on [fnIy2CA6RJ2OselQHrMRcg][Dusk] free: 34gb[9.1%], shards will be relocated away from this node
[2016-07-01 19:57:36,533][INFO ][cluster.routing.allocation.decider] [Dusk] high disk watermark exceeded on one or more nodes, rerouting shards
[2016-07-01 19:58:05,812][WARN ][cluster.routing.allocation.decider] [General Orwell Taylor] high disk watermark [90%] exceeded on [10E9cMA5SHuKaxANK0tBFQ][General Orwell Taylor] free: 34gb[9.1%], shards will be relocated away from this node
[2016-07-01 19:58:06,533][WARN ][cluster.routing.allocation.decider] [Dusk] high disk watermark [90%] exceeded on [fnIy2CA6RJ2OselQHrMRcg][Dusk] free: 34gb[9.1%], shards will be relocated away from this node
[2016-07-01 19:58:35,812][WARN ][cluster.routing.allocation.decider] [General Orwell Taylor] high disk watermark [90%] exceeded on [10E9cMA5SHuKaxANK0tBFQ][General Orwell Taylor] free: 34gb[9.1%], shards will be relocated away from this node
[2016-07-01 19:58:35,814][INFO ][cluster.routing.allocation.decider] [General Orwell Taylor] high disk watermark exceeded on one or more nodes, rerouting shards
[2016-07-01 19:58:36,534][WARN ][cluster.routing.allocation.decider] [Dusk] high disk watermark [90%] exceeded on [fnIy2CA6RJ2OselQHrMRcg][Dusk] free: 34gb[9.1%], shards will be relocated away from this node
[2016-07-01 19:58:36,536][INFO ][cluster.routing.allocation.decider] [Dusk] high disk watermark exceeded on one or more nodes, rerouting shards
[2016-07-01 19:59:05,813][WARN ][cluster.routing.allocation.decider] [General Orwell Taylor] high disk watermark [90%] exceeded on [10E9cMA5SHuKaxANK0tBFQ][General Orwell Taylor] free: 34gb[9.1%], shards will be relocated away from this node
[2016-07-01 19:59:06,534][WARN ][cluster.routing.allocation.decider] [Dusk] high disk watermark [90%] exceeded on [fnIy2CA6RJ2OselQHrMRcg][Dusk] free: 34gb[9.1%], shards will be relocated away from this node
[2016-07-01 19:59:35,814][WARN ][cluster.routing.allocation.decider] [General Orwell Taylor] high disk watermark [90%] exceeded on [10E9cMA5SHuKaxANK0tBFQ][General Orwell Taylor] free: 34gb[9.1%], shards will be relocated away from this node
[2016-07-01 19:59:35,816][INFO ][cluster.routing.allocation.decider] [General Orwell Taylor] high disk watermark exceeded on one or more nodes, rerouting shards
[2016-07-01 19:59:36,535][WARN ][cluster.routing.allocation.decider] [Dusk] high disk watermark [90%] exceeded on [fnIy2CA6RJ2OselQHrMRcg][Dusk] free: 34gb[9.1%], shards will be relocated away from this node
[2016-07-01 19:59:36,537][INFO ][cluster.routing.allocation.decider] [Dusk] high disk watermark exceeded on one or more nodes, rerouting shards
[2016-07-01 20:00:05,814][WARN ][cluster.routing.allocation.decider] [General Orwell Taylor] high disk watermark [90%] exceeded on [10E9cMA5SHuKaxANK0tBFQ][General Orwell Taylor] free: 34gb[9.1%], shards will be relocated away from this node
[2016-07-01 20:00:06,536][WARN ][cluster.routing.allocation.decider] [Dusk] high disk watermark [90%] exceeded on [fnIy2CA6RJ2OselQHrMRcg][Dusk] free: 34gb[9.1%], shards will be relocated away from this node
[2016-07-01 20:00:35,816][WARN ][cluster.routing.allocation.decider] [General Orwell Taylor] high disk watermark [90%] exceeded on [10E9cMA5SHuKaxANK0tBFQ][General Orwell Taylor] free: 34gb[9.1%], shards will be relocated away from this node
[2016-07-01 20:00:35,817][INFO ][cluster.routing.allocation.decider] [General Orwell Taylor] high disk watermark exceeded on one or more nodes, rerouting shards
[2016-07-01 20:00:36,538][WARN ][cluster.routing.allocation.decider] [Dusk] high disk watermark [90%] exceeded on [fnIy2CA6RJ2OselQHrMRcg][Dusk] free: 34gb[9.1%], shards will be relocated away from this node
[2016-07-01 20:00:36,539][INFO ][cluster.routing.allocation.decider] [Dusk] high disk watermark exceeded on one or more nodes, rerouting shards
[2016-07-01 20:01:05,821][WARN ][cluster.routing.allocation.decider] [General Orwell Taylor] high disk watermark [90%] exceeded on [10E9cMA5SHuKaxANK0tBFQ][General Orwell Taylor] free: 34gb[9.1%], shards will be relocated away from this node
[2016-07-01 20:01:06,543][WARN ][cluster.routing.allocation.decider] [Dusk] high disk watermark [90%] exceeded on [fnIy2CA6RJ2OselQHrMRcg][Dusk] free: 34gb[9.1%], shards will be relocated away from this node
[2016-07-01 20:01:35,833][WARN ][cluster.routing.allocation.decider] [General Orwell Taylor] high disk watermark [90%] exceeded on [10E9cMA5SHuKaxANK0tBFQ][General Orwell Taylor] free: 34gb[9.1%], shards will be relocated away from this node
[2016-07-01 20:01:35,834][INFO ][cluster.routing.allocation.decider] [General Orwell Taylor] high disk watermark exceeded on one or more nodes, rerouting shards
[2016-07-01 20:01:36,540][WARN ][cluster.routing.allocation.decider] [Dusk] high disk watermark [90%] exceeded on [fnIy2CA6RJ2OselQHrMRcg][Dusk] free: 34gb[9.1%], shards will be relocated away from this node
[2016-07-01 20:01:36,541][INFO ][cluster.routing.allocation.decider] [Dusk] high disk watermark exceeded on one or more nodes, rerouting shards
[2016-07-01 20:02:05,817][WARN ][cluster.routing.allocation.decider] [General Orwell Taylor] high disk watermark [90%] exceeded on [10E9cMA5SHuKaxANK0tBFQ][General Orwell Taylor] free: 34gb[9.1%], shards will be relocated away from this node
[2016-07-01 20:02:06,540][WARN ][cluster.routing.allocation.decider] [Dusk] high disk watermark [90%] exceeded on [fnIy2CA6RJ2OselQHrMRcg][Dusk] free: 34gb[9.1%], shards will be relocated away from this node
[2016-07-01 20:02:35,818][WARN ][cluster.routing.allocation.decider] [General Orwell Taylor] high disk watermark [90%] exceeded on [10E9cMA5SHuKaxANK0tBFQ][General Orwell Taylor] free: 34gb[9.1%], shards will be relocated away from this node
[2016-07-01 20:02:36,540][WARN ][cluster.routing.allocation.decider] [Dusk] high disk watermark [90%] exceeded on [fnIy2CA6RJ2OselQHrMRcg][Dusk] free: 34gb[9.1%], shards will be relocated away from this node
[2016-07-01 20:02:36,541][INFO ][cluster.routing.allocation.decider] [Dusk] high disk watermark exceeded on one or more nodes, rerouting shards
[2016-07-01 20:03:05,819][WARN ][cluster.routing.allocation.decider] [General Orwell Taylor] high disk watermark [90%] exceeded on [10E9cMA5SHuKaxANK0tBFQ][General Orwell Taylor] free: 34gb[9.1%], shards will be relocated away from this node
[2016-07-01 20:03:05,820][INFO ][cluster.routing.allocation.decider] [General Orwell Taylor] high disk watermark exceeded on one or more nodes, rerouting shards
[2016-07-01 20:03:06,541][WARN ][cluster.routing.allocation.decider] [Dusk] high disk watermark [90%] exceeded on [fnIy2CA6RJ2OselQHrMRcg][Dusk] free: 34gb[9.1%], shards will be relocated away from this node
[2016-07-01 20:03:35,820][WARN ][cluster.routing.allocation.decider] [General Orwell Taylor] high disk watermark [90%] exceeded on [10E9cMA5SHuKaxANK0tBFQ][General Orwell Taylor] free: 34gb[9.1%], shards will be relocated away from this node
[2016-07-01 20:03:36,542][WARN ][cluster.routing.allocation.decider] [Dusk] high disk watermark [90%] exceeded on [fnIy2CA6RJ2OselQHrMRcg][Dusk] free: 34gb[9.1%], shards will be relocated away from this node
[2016-07-01 20:03:36,543][INFO ][cluster.routing.allocation.decider] [Dusk] high disk watermark exceeded on one or more nodes, rerouting shards
[2016-07-01 20:04:16,598][WARN ][cluster.routing.allocation.decider] [Dusk] high disk watermark [90%] exceeded on [fnIy2CA6RJ2OselQHrMRcg][Dusk] free: 33.7gb[9%], shards will be relocated away from this node
[2016-07-01 20:04:16,599][WARN ][cluster.routing.allocation.decider] [General Orwell Taylor] high disk watermark [90%] exceeded on [10E9cMA5SHuKaxANK0tBFQ][General Orwell Taylor] free: 33.7gb[9%], shards will be relocated away from this node
[2016-07-01 20:04:16,601][INFO ][cluster.routing.allocation.decider] [General Orwell Taylor] high disk watermark exceeded on one or more nodes, rerouting shards
[2016-07-01 20:04:35,822][WARN ][cluster.routing.allocation.decider] [General Orwell Taylor] high disk watermark [90%] exceeded on [10E9cMA5SHuKaxANK0tBFQ][General Orwell Taylor] free: 34gb[9.1%], shards will be relocated away from this node
[2016-07-01 20:04:36,543][WARN ][cluster.routing.allocation.decider] [Dusk] high disk watermark [90%] exceeded on [fnIy2CA6RJ2OselQHrMRcg][Dusk] free: 34gb[9.1%], shards will be relocated away from this node
[2016-07-01 20:04:36,545][INFO ][cluster.routing.allocation.decider] [Dusk] high disk watermark exceeded on one or more nodes, rerouting shards
[2016-07-01 20:05:05,822][WARN ][cluster.routing.allocation.decider] [General Orwell Taylor] high disk watermark [90%] exceeded on [10E9cMA5SHuKaxANK0tBFQ][General Orwell Taylor] free: 34gb[9.1%], shards will be relocated away from this node
[2016-07-01 20:05:06,544][WARN ][cluster.routing.allocation.decider] [Dusk] high disk watermark [90%] exceeded on [fnIy2CA6RJ2OselQHrMRcg][Dusk] free: 34gb[9.1%], shards will be relocated away from this node
[2016-07-01 20:05:35,822][WARN ][cluster.routing.allocation.decider] [General Orwell Taylor] high disk watermark [90%] exceeded on [10E9cMA5SHuKaxANK0tBFQ][General Orwell Taylor] free: 34gb[9.1%], shards will be relocated away from this node
[2016-07-01 20:05:35,824][INFO ][cluster.routing.allocation.decider] [General Orwell Taylor] high disk watermark exceeded on one or more nodes, rerouting shards
[2016-07-01 20:05:36,544][WARN ][cluster.routing.allocation.decider] [Dusk] high disk watermark [90%] exceeded on [fnIy2CA6RJ2OselQHrMRcg][Dusk] free: 34gb[9.1%], shards will be relocated away from this node
[2016-07-01 20:05:36,545][INFO ][cluster.routing.allocation.decider] [Dusk] high disk watermark exceeded on one or more nodes, rerouting shards
[2016-07-01 20:06:05,823][WARN ][cluster.routing.allocation.decider] [General Orwell Taylor] high disk watermark [90%] exceeded on [10E9cMA5SHuKaxANK0tBFQ][General Orwell Taylor] free: 34gb[9.1%], shards will be relocated away from this node
[2016-07-01 20:06:06,545][WARN ][cluster.routing.allocation.decider] [Dusk] high disk watermark [90%] exceeded on [fnIy2CA6RJ2OselQHrMRcg][Dusk] free: 34gb[9.1%], shards will be relocated away from this node
[2016-07-01 20:06:35,823][WARN ][cluster.routing.allocation.decider] [General Orwell Taylor] high disk watermark [90%] exceeded on [10E9cMA5SHuKaxANK0tBFQ][General Orwell Taylor] free: 34gb[9.1%], shards will be relocated away from this node
[2016-07-01 20:06:35,825][INFO ][cluster.routing.allocation.decider] [General Orwell Taylor] high disk watermark exceeded on one or more nodes, rerouting shards
[2016-07-01 20:06:36,545][WARN ][cluster.routing.allocation.decider] [Dusk] high disk watermark [90%] exceeded on [fnIy2CA6RJ2OselQHrMRcg][Dusk] free: 34gb[9.1%], shards will be relocated away from this node
[2016-07-01 20:06:36,546][INFO ][cluster.routing.allocation.decider] [Dusk] high disk watermark exceeded on one or more nodes, rerouting shards
[2016-07-01 20:07:05,825][WARN ][cluster.routing.allocation.decider] [General Orwell Taylor] high disk watermark [90%] exceeded on [10E9cMA5SHuKaxANK0tBFQ][General Orwell Taylor] free: 34gb[9.1%], shards will be relocated away from this node
[2016-07-01 20:07:06,546][WARN ][cluster.routing.allocation.decider] [Dusk] high disk watermark [90%] exceeded on [fnIy2CA6RJ2OselQHrMRcg][Dusk] free: 34gb[9.1%], shards will be relocated away from this node
[2016-07-01 20:07:35,826][WARN ][cluster.routing.allocation.decider] [General Orwell Taylor] high disk watermark [90%] exceeded on [10E9cMA5SHuKaxANK0tBFQ][General Orwell Taylor] free: 34gb[9.1%], shards will be relocated away from this node
[2016-07-01 20:07:35,828][INFO ][cluster.routing.allocation.decider] [General Orwell Taylor] high disk watermark exceeded on one or more nodes, rerouting shards
[2016-07-01 20:07:36,546][WARN ][cluster.routing.allocation.decider] [Dusk] high disk watermark [90%] exceeded on [fnIy2CA6RJ2OselQHrMRcg][Dusk] free: 34gb[9.1%], shards will be relocated away from this node
[2016-07-01 20:07:36,548][INFO ][cluster.routing.allocation.decider] [Dusk] high disk watermark exceeded on one or more nodes, rerouting shards
[2016-07-01 20:08:05,827][WARN ][cluster.routing.allocation.decider] [General Orwell Taylor] high disk watermark [90%] exceeded on [10E9cMA5SHuKaxANK0tBFQ][General Orwell Taylor] free: 33.9gb[9.1%], shards will be relocated away from this node
[2016-07-01 20:08:06,548][WARN ][cluster.routing.allocation.decider] [Dusk] high disk watermark [90%] exceeded on [fnIy2CA6RJ2OselQHrMRcg][Dusk] free: 33.9gb[9.1%], shards will be relocated away from this node
[2016-07-01 20:08:35,828][WARN ][cluster.routing.allocation.decider] [General Orwell Taylor] high disk watermark [90%] exceeded on [10E9cMA5SHuKaxANK0tBFQ][General Orwell Taylor] free: 33.9gb[9.1%], shards will be relocated away from this node
[2016-07-01 20:08:35,830][INFO ][cluster.routing.allocation.decider] [General Orwell Taylor] high disk watermark exceeded on one or more nodes, rerouting shards
[2016-07-01 20:08:36,549][WARN ][cluster.routing.allocation.decider] [Dusk] high disk watermark [90%] exceeded on [fnIy2CA6RJ2OselQHrMRcg][Dusk] free: 33.9gb[9.1%], shards will be relocated away from this node
[2016-07-01 20:08:36,550][INFO ][cluster.routing.allocation.decider] [Dusk] high disk watermark exceeded on one or more nodes, rerouting shards
[2016-07-01 20:09:05,828][WARN ][cluster.routing.allocation.decider] [General Orwell Taylor] high disk watermark [90%] exceeded on [10E9cMA5SHuKaxANK0tBFQ][General Orwell Taylor] free: 33.9gb[9.1%], shards will be relocated away from this node
[2016-07-01 20:09:06,549][WARN ][cluster.routing.allocation.decider] [Dusk] high disk watermark [90%] exceeded on [fnIy2CA6RJ2OselQHrMRcg][Dusk] free: 33.9gb[9.1%], shards will be relocated away from this node
[2016-07-01 20:09:35,829][WARN ][cluster.routing.allocation.decider] [General Orwell Taylor] high disk watermark [90%] exceeded on [10E9cMA5SHuKaxANK0tBFQ][General Orwell Taylor] free: 33.9gb[9.1%], shards will be relocated away from this node
[2016-07-01 20:09:35,830][INFO ][cluster.routing.allocation.decider] [General Orwell Taylor] high disk watermark exceeded on one or more nodes, rerouting shards
[2016-07-01 20:09:36,550][WARN ][cluster.routing.allocation.decider] [Dusk] high disk watermark [90%] exceeded on [fnIy2CA6RJ2OselQHrMRcg][Dusk] free: 33.9gb[9.1%], shards will be relocated away from this node
[2016-07-01 20:09:36,551][INFO ][cluster.routing.allocation.decider] [Dusk] high disk watermark exceeded on one or more nodes, rerouting shards
[2016-07-01 20:10:05,830][WARN ][cluster.routing.allocation.decider] [General Orwell Taylor] high disk watermark [90%] exceeded on [10E9cMA5SHuKaxANK0tBFQ][General Orwell Taylor] free: 33.9gb[9.1%], shards will be relocated away from this node
[2016-07-01 20:10:06,551][WARN ][cluster.routing.allocation.decider] [Dusk] high disk watermark [90%] exceeded on [fnIy2CA6RJ2OselQHrMRcg][Dusk] free: 33.9gb[9.1%], shards will be relocated away from this node
[2016-07-01 20:10:35,829][WARN ][cluster.routing.allocation.decider] [General Orwell Taylor] high disk watermark [90%] exceeded on [10E9cMA5SHuKaxANK0tBFQ][General Orwell Taylor] free: 33.9gb[9.1%], shards will be relocated away from this node
[2016-07-01 20:10:35,831][INFO ][cluster.routing.allocation.decider] [General Orwell Taylor] high disk watermark exceeded on one or more nodes, rerouting shards
[2016-07-01 20:10:36,552][WARN ][cluster.routing.allocation.decider] [Dusk] high disk watermark [90%] exceeded on [fnIy2CA6RJ2OselQHrMRcg][Dusk] free: 33.9gb[9.1%], shards will be relocated away from this node
[2016-07-01 20:10:36,553][INFO ][cluster.routing.allocation.decider] [Dusk] high disk watermark exceeded on one or more nodes, rerouting shards
[2016-07-01 20:11:05,832][WARN ][cluster.routing.allocation.decider] [General Orwell Taylor] high disk watermark [90%] exceeded on [10E9cMA5SHuKaxANK0tBFQ][General Orwell Taylor] free: 33.9gb[9.1%], shards will be relocated away from this node
[2016-07-01 20:11:06,553][WARN ][cluster.routing.allocation.decider] [Dusk] high disk watermark [90%] exceeded on [fnIy2CA6RJ2OselQHrMRcg][Dusk] free: 33.9gb[9.1%], shards will be relocated away from this node
[2016-07-01 20:11:35,877][INFO ][cluster.routing.allocation.decider] [General Orwell Taylor] low disk watermark [85%] exceeded on [10E9cMA5SHuKaxANK0tBFQ][General Orwell Taylor] free: 37.3gb[10%], replicas will not be assigned to this node
[2016-07-01 20:11:36,553][INFO ][cluster.routing.allocation.decider] [Dusk] low disk watermark [85%] exceeded on [fnIy2CA6RJ2OselQHrMRcg][Dusk] free: 37.3gb[10%], replicas will not be assigned to this node
[2016-07-01 20:12:05,834][INFO ][cluster.routing.allocation.decider] [General Orwell Taylor] low disk watermark [85%] exceeded on [10E9cMA5SHuKaxANK0tBFQ][General Orwell Taylor] free: 37.3gb[10%], replicas will not be assigned to this node
[2016-07-01 20:12:06,554][INFO ][cluster.routing.allocation.decider] [Dusk] low disk watermark [85%] exceeded on [fnIy2CA6RJ2OselQHrMRcg][Dusk] free: 37.3gb[10%], replicas will not be assigned to this node
[2016-07-01 20:12:35,834][INFO ][cluster.routing.allocation.decider] [General Orwell Taylor] low disk watermark [85%] exceeded on [10E9cMA5SHuKaxANK0tBFQ][General Orwell Taylor] free: 37.3gb[10%], replicas will not be assigned to this node
[2016-07-01 20:12:36,554][INFO ][cluster.routing.allocation.decider] [Dusk] low disk watermark [85%] exceeded on [fnIy2CA6RJ2OselQHrMRcg][Dusk] free: 37.3gb[10%], replicas will not be assigned to this node
[2016-07-01 20:13:05,835][INFO ][cluster.routing.allocation.decider] [General Orwell Taylor] low disk watermark [85%] exceeded on [10E9cMA5SHuKaxANK0tBFQ][General Orwell Taylor] free: 37.3gb[10%], replicas will not be assigned to this node
[2016-07-01 20:13:06,555][INFO ][cluster.routing.allocation.decider] [Dusk] low disk watermark [85%] exceeded on [fnIy2CA6RJ2OselQHrMRcg][Dusk] free: 37.3gb[10%], replicas will not be assigned to this node
[2016-07-01 20:13:35,835][INFO ][cluster.routing.allocation.decider] [General Orwell Taylor] low disk watermark [85%] exceeded on [10E9cMA5SHuKaxANK0tBFQ][General Orwell Taylor] free: 37.3gb[10%], replicas will not be assigned to this node
[2016-07-01 20:13:36,557][INFO ][cluster.routing.allocation.decider] [Dusk] low disk watermark [85%] exceeded on [fnIy2CA6RJ2OselQHrMRcg][Dusk] free: 37.3gb[10%], replicas will not be assigned to this node
[2016-07-01 20:14:05,836][INFO ][cluster.routing.allocation.decider] [General Orwell Taylor] low disk watermark [85%] exceeded on [10E9cMA5SHuKaxANK0tBFQ][General Orwell Taylor] free: 37.3gb[10%], replicas will not be assigned to this node
[2016-07-01 20:14:06,558][INFO ][cluster.routing.allocation.decider] [Dusk] low disk watermark [85%] exceeded on [fnIy2CA6RJ2OselQHrMRcg][Dusk] free: 37.3gb[10%], replicas will not be assigned to this node
[2016-07-01 20:14:35,837][INFO ][cluster.routing.allocation.decider] [General Orwell Taylor] low disk watermark [85%] exceeded on [10E9cMA5SHuKaxANK0tBFQ][General Orwell Taylor] free: 37.3gb[10%], replicas will not be assigned to this node
[2016-07-01 20:14:36,558][INFO ][cluster.routing.allocation.decider] [Dusk] low disk watermark [85%] exceeded on [fnIy2CA6RJ2OselQHrMRcg][Dusk] free: 37.3gb[10%], replicas will not be assigned to this node
[2016-07-01 20:15:05,836][INFO ][cluster.routing.allocation.decider] [General Orwell Taylor] low disk watermark [85%] exceeded on [10E9cMA5SHuKaxANK0tBFQ][General Orwell Taylor] free: 37.3gb[10%], replicas will not be assigned to this node
[2016-07-01 20:15:06,558][INFO ][cluster.routing.allocation.decider] [Dusk] low disk watermark [85%] exceeded on [fnIy2CA6RJ2OselQHrMRcg][Dusk] free: 37.3gb[10%], replicas will not be assigned to this node
[2016-07-01 20:15:35,836][INFO ][cluster.routing.allocation.decider] [General Orwell Taylor] low disk watermark [85%] exceeded on [10E9cMA5SHuKaxANK0tBFQ][General Orwell Taylor] free: 37.2gb[10%], replicas will not be assigned to this node
[2016-07-01 20:15:36,559][INFO ][cluster.routing.allocation.decider] [Dusk] low disk watermark [85%] exceeded on [fnIy2CA6RJ2OselQHrMRcg][Dusk] free: 37.2gb[10%], replicas will not be assigned to this node
[2016-07-01 20:16:05,837][WARN ][cluster.routing.allocation.decider] [General Orwell Taylor] high disk watermark [90%] exceeded on [10E9cMA5SHuKaxANK0tBFQ][General Orwell Taylor] free: 37.2gb[9.9%], shards will be relocated away from this node
[2016-07-01 20:16:05,839][INFO ][cluster.routing.allocation.decider] [General Orwell Taylor] high disk watermark exceeded on one or more nodes, rerouting shards
[2016-07-01 20:16:06,560][WARN ][cluster.routing.allocation.decider] [Dusk] high disk watermark [90%] exceeded on [fnIy2CA6RJ2OselQHrMRcg][Dusk] free: 37.2gb[9.9%], shards will be relocated away from this node
[2016-07-01 20:16:06,561][INFO ][cluster.routing.allocation.decider] [Dusk] high disk watermark exceeded on one or more nodes, rerouting shards
[2016-07-01 20:16:35,838][INFO ][cluster.routing.allocation.decider] [General Orwell Taylor] low disk watermark [85%] exceeded on [10E9cMA5SHuKaxANK0tBFQ][General Orwell Taylor] free: 37.2gb[10%], replicas will not be assigned to this node
[2016-07-01 20:16:36,561][INFO ][cluster.routing.allocation.decider] [Dusk] low disk watermark [85%] exceeded on [fnIy2CA6RJ2OselQHrMRcg][Dusk] free: 37.2gb[10%], replicas will not be assigned to this node
[2016-07-01 20:17:05,839][WARN ][cluster.routing.allocation.decider] [General Orwell Taylor] high disk watermark [90%] exceeded on [10E9cMA5SHuKaxANK0tBFQ][General Orwell Taylor] free: 35.7gb[9.6%], shards will be relocated away from this node
[2016-07-01 20:17:05,841][INFO ][cluster.routing.allocation.decider] [General Orwell Taylor] high disk watermark exceeded on one or more nodes, rerouting shards
[2016-07-01 20:17:06,561][WARN ][cluster.routing.allocation.decider] [Dusk] high disk watermark [90%] exceeded on [fnIy2CA6RJ2OselQHrMRcg][Dusk] free: 35.7gb[9.6%], shards will be relocated away from this node
[2016-07-01 20:17:06,562][INFO ][cluster.routing.allocation.decider] [Dusk] high disk watermark exceeded on one or more nodes, rerouting shards
[2016-07-01 20:17:38,704][WARN ][cluster.routing.allocation.decider] [General Orwell Taylor] high disk watermark [90%] exceeded on [10E9cMA5SHuKaxANK0tBFQ][General Orwell Taylor] free: 36gb[9.6%], shards will be relocated away from this node
[2016-07-01 20:17:38,906][WARN ][cluster.routing.allocation.decider] [Dusk] high disk watermark [90%] exceeded on [fnIy2CA6RJ2OselQHrMRcg][Dusk] free: 36gb[9.6%], shards will be relocated away from this node
[2016-07-01 20:18:05,839][WARN ][cluster.routing.allocation.decider] [General Orwell Taylor] high disk watermark [90%] exceeded on [10E9cMA5SHuKaxANK0tBFQ][General Orwell Taylor] free: 36gb[9.6%], shards will be relocated away from this node
[2016-07-01 20:18:05,841][INFO ][cluster.routing.allocation.decider] [General Orwell Taylor] high disk watermark exceeded on one or more nodes, rerouting shards
[2016-07-01 20:18:06,562][WARN ][cluster.routing.allocation.decider] [Dusk] high disk watermark [90%] exceeded on [fnIy2CA6RJ2OselQHrMRcg][Dusk] free: 36gb[9.6%], shards will be relocated away from this node
[2016-07-01 20:18:06,564][INFO ][cluster.routing.allocation.decider] [Dusk] high disk watermark exceeded on one or more nodes, rerouting shards
