[2016-06-23 16:02:36,202][INFO ][node                     ] [Nezarr the Calculator] version[5.0.0-alpha3], pid[4028], build[cad959b/2016-05-26T08:25:57.564Z], OS[Windows 8.1/6.3/amd64], JVM[Oracle Corporation/Java HotSpot(TM) 64-Bit Server VM/1.8.0_05/25.5-b02]
[2016-06-23 16:02:36,204][INFO ][node                     ] [Nezarr the Calculator] initializing ...
[2016-06-23 16:02:38,604][INFO ][plugins                  ] [Nezarr the Calculator] modules [percolator, lang-mustache, lang-painless, ingest-grok, reindex, lang-expression, lang-groovy], plugins []
[2016-06-23 16:02:38,773][INFO ][env                      ] [Nezarr the Calculator] using [1] data paths, mounts [[OS (C:)]], net usable_space [36.7gb], net total_space [372.2gb], spins? [unknown], types [NTFS]
[2016-06-23 16:02:38,775][INFO ][env                      ] [Nezarr the Calculator] heap size [1.9gb], compressed ordinary object pointers [true]
[2016-06-23 16:02:47,391][INFO ][node                     ] [Nezarr the Calculator] initialized
[2016-06-23 16:02:47,391][INFO ][node                     ] [Nezarr the Calculator] starting ...
[2016-06-23 16:02:47,903][INFO ][transport                ] [Nezarr the Calculator] publish_address {127.0.0.1:9300}, bound_addresses {127.0.0.1:9300}, {[::1]:9300}
[2016-06-23 16:02:47,907][WARN ][bootstrap                ] [Nezarr the Calculator] initial heap size [268435456] not equal to maximum heap size [2147483648]; this can cause resize pauses and prevents mlockall from locking the entire heap
[2016-06-23 16:02:47,909][WARN ][bootstrap                ] [Nezarr the Calculator] please set [discovery.zen.minimum_master_nodes] to a majority of the number of master eligible nodes in your cluster
[2016-06-23 16:02:52,053][INFO ][cluster.service          ] [Nezarr the Calculator] new_master {Nezarr the Calculator}{ttkiIWTNRCaxFhAkhxLCeg}{127.0.0.1}{127.0.0.1:9300}, reason: zen-disco-join(elected_as_master, [0] joins received)
[2016-06-23 16:02:52,239][INFO ][http                     ] [Nezarr the Calculator] publish_address {127.0.0.1:9200}, bound_addresses {127.0.0.1:9200}, {[::1]:9200}
[2016-06-23 16:02:52,240][INFO ][node                     ] [Nezarr the Calculator] started
[2016-06-23 16:02:52,334][INFO ][gateway                  ] [Nezarr the Calculator] recovered [0] indices into cluster_state
[2016-06-23 16:03:22,065][WARN ][cluster.routing.allocation.decider] [Nezarr the Calculator] high disk watermark [90%] exceeded on [ttkiIWTNRCaxFhAkhxLCeg][Nezarr the Calculator][C:\wamp\www\radioTech\elasticsearch-5.0.0\data\elasticsearch\nodes\0] free: 36.7gb[9.8%], shards will be relocated away from this node
[2016-06-23 16:03:22,067][INFO ][cluster.routing.allocation.decider] [Nezarr the Calculator] rerouting shards: [high disk watermark exceeded on one or more nodes]
[2016-06-23 16:03:52,073][WARN ][cluster.routing.allocation.decider] [Nezarr the Calculator] high disk watermark [90%] exceeded on [ttkiIWTNRCaxFhAkhxLCeg][Nezarr the Calculator][C:\wamp\www\radioTech\elasticsearch-5.0.0\data\elasticsearch\nodes\0] free: 36.7gb[9.8%], shards will be relocated away from this node
[2016-06-23 16:04:22,076][WARN ][cluster.routing.allocation.decider] [Nezarr the Calculator] high disk watermark [90%] exceeded on [ttkiIWTNRCaxFhAkhxLCeg][Nezarr the Calculator][C:\wamp\www\radioTech\elasticsearch-5.0.0\data\elasticsearch\nodes\0] free: 36.7gb[9.8%], shards will be relocated away from this node
[2016-06-23 16:04:22,078][INFO ][cluster.routing.allocation.decider] [Nezarr the Calculator] rerouting shards: [high disk watermark exceeded on one or more nodes]
[2016-06-23 16:04:52,080][WARN ][cluster.routing.allocation.decider] [Nezarr the Calculator] high disk watermark [90%] exceeded on [ttkiIWTNRCaxFhAkhxLCeg][Nezarr the Calculator][C:\wamp\www\radioTech\elasticsearch-5.0.0\data\elasticsearch\nodes\0] free: 36.7gb[9.8%], shards will be relocated away from this node
[2016-06-23 16:05:22,084][WARN ][cluster.routing.allocation.decider] [Nezarr the Calculator] high disk watermark [90%] exceeded on [ttkiIWTNRCaxFhAkhxLCeg][Nezarr the Calculator][C:\wamp\www\radioTech\elasticsearch-5.0.0\data\elasticsearch\nodes\0] free: 36.7gb[9.8%], shards will be relocated away from this node
[2016-06-23 16:05:22,087][INFO ][cluster.routing.allocation.decider] [Nezarr the Calculator] rerouting shards: [high disk watermark exceeded on one or more nodes]
[2016-06-23 16:05:52,089][WARN ][cluster.routing.allocation.decider] [Nezarr the Calculator] high disk watermark [90%] exceeded on [ttkiIWTNRCaxFhAkhxLCeg][Nezarr the Calculator][C:\wamp\www\radioTech\elasticsearch-5.0.0\data\elasticsearch\nodes\0] free: 36.7gb[9.8%], shards will be relocated away from this node
[2016-06-23 16:06:22,092][WARN ][cluster.routing.allocation.decider] [Nezarr the Calculator] high disk watermark [90%] exceeded on [ttkiIWTNRCaxFhAkhxLCeg][Nezarr the Calculator][C:\wamp\www\radioTech\elasticsearch-5.0.0\data\elasticsearch\nodes\0] free: 36.7gb[9.8%], shards will be relocated away from this node
[2016-06-23 16:06:22,094][INFO ][cluster.routing.allocation.decider] [Nezarr the Calculator] rerouting shards: [high disk watermark exceeded on one or more nodes]
[2016-06-23 16:06:52,097][WARN ][cluster.routing.allocation.decider] [Nezarr the Calculator] high disk watermark [90%] exceeded on [ttkiIWTNRCaxFhAkhxLCeg][Nezarr the Calculator][C:\wamp\www\radioTech\elasticsearch-5.0.0\data\elasticsearch\nodes\0] free: 36.7gb[9.8%], shards will be relocated away from this node
[2016-06-23 16:07:22,100][WARN ][cluster.routing.allocation.decider] [Nezarr the Calculator] high disk watermark [90%] exceeded on [ttkiIWTNRCaxFhAkhxLCeg][Nezarr the Calculator][C:\wamp\www\radioTech\elasticsearch-5.0.0\data\elasticsearch\nodes\0] free: 36.7gb[9.8%], shards will be relocated away from this node
[2016-06-23 16:07:22,103][INFO ][cluster.routing.allocation.decider] [Nezarr the Calculator] rerouting shards: [high disk watermark exceeded on one or more nodes]
[2016-06-23 16:07:52,105][WARN ][cluster.routing.allocation.decider] [Nezarr the Calculator] high disk watermark [90%] exceeded on [ttkiIWTNRCaxFhAkhxLCeg][Nezarr the Calculator][C:\wamp\www\radioTech\elasticsearch-5.0.0\data\elasticsearch\nodes\0] free: 36.7gb[9.8%], shards will be relocated away from this node
[2016-06-23 16:08:22,108][WARN ][cluster.routing.allocation.decider] [Nezarr the Calculator] high disk watermark [90%] exceeded on [ttkiIWTNRCaxFhAkhxLCeg][Nezarr the Calculator][C:\wamp\www\radioTech\elasticsearch-5.0.0\data\elasticsearch\nodes\0] free: 36.7gb[9.8%], shards will be relocated away from this node
[2016-06-23 16:08:22,110][INFO ][cluster.routing.allocation.decider] [Nezarr the Calculator] rerouting shards: [high disk watermark exceeded on one or more nodes]
[2016-06-23 16:08:52,112][WARN ][cluster.routing.allocation.decider] [Nezarr the Calculator] high disk watermark [90%] exceeded on [ttkiIWTNRCaxFhAkhxLCeg][Nezarr the Calculator][C:\wamp\www\radioTech\elasticsearch-5.0.0\data\elasticsearch\nodes\0] free: 36.7gb[9.8%], shards will be relocated away from this node
[2016-06-23 16:09:22,116][WARN ][cluster.routing.allocation.decider] [Nezarr the Calculator] high disk watermark [90%] exceeded on [ttkiIWTNRCaxFhAkhxLCeg][Nezarr the Calculator][C:\wamp\www\radioTech\elasticsearch-5.0.0\data\elasticsearch\nodes\0] free: 36.7gb[9.8%], shards will be relocated away from this node
[2016-06-23 16:09:22,118][INFO ][cluster.routing.allocation.decider] [Nezarr the Calculator] rerouting shards: [high disk watermark exceeded on one or more nodes]
[2016-06-23 16:09:52,121][WARN ][cluster.routing.allocation.decider] [Nezarr the Calculator] high disk watermark [90%] exceeded on [ttkiIWTNRCaxFhAkhxLCeg][Nezarr the Calculator][C:\wamp\www\radioTech\elasticsearch-5.0.0\data\elasticsearch\nodes\0] free: 36.7gb[9.8%], shards will be relocated away from this node
[2016-06-23 16:10:22,124][WARN ][cluster.routing.allocation.decider] [Nezarr the Calculator] high disk watermark [90%] exceeded on [ttkiIWTNRCaxFhAkhxLCeg][Nezarr the Calculator][C:\wamp\www\radioTech\elasticsearch-5.0.0\data\elasticsearch\nodes\0] free: 36.7gb[9.8%], shards will be relocated away from this node
[2016-06-23 16:10:22,127][INFO ][cluster.routing.allocation.decider] [Nezarr the Calculator] rerouting shards: [high disk watermark exceeded on one or more nodes]
[2016-06-23 16:10:52,129][WARN ][cluster.routing.allocation.decider] [Nezarr the Calculator] high disk watermark [90%] exceeded on [ttkiIWTNRCaxFhAkhxLCeg][Nezarr the Calculator][C:\wamp\www\radioTech\elasticsearch-5.0.0\data\elasticsearch\nodes\0] free: 36.7gb[9.8%], shards will be relocated away from this node
[2016-06-23 16:11:22,134][WARN ][cluster.routing.allocation.decider] [Nezarr the Calculator] high disk watermark [90%] exceeded on [ttkiIWTNRCaxFhAkhxLCeg][Nezarr the Calculator][C:\wamp\www\radioTech\elasticsearch-5.0.0\data\elasticsearch\nodes\0] free: 36.6gb[9.8%], shards will be relocated away from this node
[2016-06-23 16:11:22,136][INFO ][cluster.routing.allocation.decider] [Nezarr the Calculator] rerouting shards: [high disk watermark exceeded on one or more nodes]
[2016-06-23 16:11:52,138][WARN ][cluster.routing.allocation.decider] [Nezarr the Calculator] high disk watermark [90%] exceeded on [ttkiIWTNRCaxFhAkhxLCeg][Nezarr the Calculator][C:\wamp\www\radioTech\elasticsearch-5.0.0\data\elasticsearch\nodes\0] free: 36.6gb[9.8%], shards will be relocated away from this node
[2016-06-23 16:12:22,141][WARN ][cluster.routing.allocation.decider] [Nezarr the Calculator] high disk watermark [90%] exceeded on [ttkiIWTNRCaxFhAkhxLCeg][Nezarr the Calculator][C:\wamp\www\radioTech\elasticsearch-5.0.0\data\elasticsearch\nodes\0] free: 36.6gb[9.8%], shards will be relocated away from this node
[2016-06-23 16:12:22,143][INFO ][cluster.routing.allocation.decider] [Nezarr the Calculator] rerouting shards: [high disk watermark exceeded on one or more nodes]
[2016-06-23 16:12:52,145][WARN ][cluster.routing.allocation.decider] [Nezarr the Calculator] high disk watermark [90%] exceeded on [ttkiIWTNRCaxFhAkhxLCeg][Nezarr the Calculator][C:\wamp\www\radioTech\elasticsearch-5.0.0\data\elasticsearch\nodes\0] free: 36.6gb[9.8%], shards will be relocated away from this node
[2016-06-23 16:13:22,149][WARN ][cluster.routing.allocation.decider] [Nezarr the Calculator] high disk watermark [90%] exceeded on [ttkiIWTNRCaxFhAkhxLCeg][Nezarr the Calculator][C:\wamp\www\radioTech\elasticsearch-5.0.0\data\elasticsearch\nodes\0] free: 36.6gb[9.8%], shards will be relocated away from this node
[2016-06-23 16:13:22,151][INFO ][cluster.routing.allocation.decider] [Nezarr the Calculator] rerouting shards: [high disk watermark exceeded on one or more nodes]
[2016-06-23 16:13:52,160][WARN ][cluster.routing.allocation.decider] [Nezarr the Calculator] high disk watermark [90%] exceeded on [ttkiIWTNRCaxFhAkhxLCeg][Nezarr the Calculator][C:\wamp\www\radioTech\elasticsearch-5.0.0\data\elasticsearch\nodes\0] free: 36.6gb[9.8%], shards will be relocated away from this node
[2016-06-23 16:14:22,163][WARN ][cluster.routing.allocation.decider] [Nezarr the Calculator] high disk watermark [90%] exceeded on [ttkiIWTNRCaxFhAkhxLCeg][Nezarr the Calculator][C:\wamp\www\radioTech\elasticsearch-5.0.0\data\elasticsearch\nodes\0] free: 36.6gb[9.8%], shards will be relocated away from this node
[2016-06-23 16:14:22,166][INFO ][cluster.routing.allocation.decider] [Nezarr the Calculator] rerouting shards: [high disk watermark exceeded on one or more nodes]
[2016-06-23 16:14:52,168][WARN ][cluster.routing.allocation.decider] [Nezarr the Calculator] high disk watermark [90%] exceeded on [ttkiIWTNRCaxFhAkhxLCeg][Nezarr the Calculator][C:\wamp\www\radioTech\elasticsearch-5.0.0\data\elasticsearch\nodes\0] free: 36.6gb[9.8%], shards will be relocated away from this node
[2016-06-23 16:15:22,172][WARN ][cluster.routing.allocation.decider] [Nezarr the Calculator] high disk watermark [90%] exceeded on [ttkiIWTNRCaxFhAkhxLCeg][Nezarr the Calculator][C:\wamp\www\radioTech\elasticsearch-5.0.0\data\elasticsearch\nodes\0] free: 36.6gb[9.8%], shards will be relocated away from this node
[2016-06-23 16:15:22,174][INFO ][cluster.routing.allocation.decider] [Nezarr the Calculator] rerouting shards: [high disk watermark exceeded on one or more nodes]
[2016-06-23 16:15:52,176][WARN ][cluster.routing.allocation.decider] [Nezarr the Calculator] high disk watermark [90%] exceeded on [ttkiIWTNRCaxFhAkhxLCeg][Nezarr the Calculator][C:\wamp\www\radioTech\elasticsearch-5.0.0\data\elasticsearch\nodes\0] free: 36.6gb[9.8%], shards will be relocated away from this node
[2016-06-23 16:16:22,180][WARN ][cluster.routing.allocation.decider] [Nezarr the Calculator] high disk watermark [90%] exceeded on [ttkiIWTNRCaxFhAkhxLCeg][Nezarr the Calculator][C:\wamp\www\radioTech\elasticsearch-5.0.0\data\elasticsearch\nodes\0] free: 36.6gb[9.8%], shards will be relocated away from this node
[2016-06-23 16:16:22,182][INFO ][cluster.routing.allocation.decider] [Nezarr the Calculator] rerouting shards: [high disk watermark exceeded on one or more nodes]
[2016-06-23 16:16:52,184][WARN ][cluster.routing.allocation.decider] [Nezarr the Calculator] high disk watermark [90%] exceeded on [ttkiIWTNRCaxFhAkhxLCeg][Nezarr the Calculator][C:\wamp\www\radioTech\elasticsearch-5.0.0\data\elasticsearch\nodes\0] free: 36.6gb[9.8%], shards will be relocated away from this node
[2016-06-23 16:17:22,187][WARN ][cluster.routing.allocation.decider] [Nezarr the Calculator] high disk watermark [90%] exceeded on [ttkiIWTNRCaxFhAkhxLCeg][Nezarr the Calculator][C:\wamp\www\radioTech\elasticsearch-5.0.0\data\elasticsearch\nodes\0] free: 36.6gb[9.8%], shards will be relocated away from this node
[2016-06-23 16:17:22,189][INFO ][cluster.routing.allocation.decider] [Nezarr the Calculator] rerouting shards: [high disk watermark exceeded on one or more nodes]
[2016-06-23 16:17:52,193][WARN ][cluster.routing.allocation.decider] [Nezarr the Calculator] high disk watermark [90%] exceeded on [ttkiIWTNRCaxFhAkhxLCeg][Nezarr the Calculator][C:\wamp\www\radioTech\elasticsearch-5.0.0\data\elasticsearch\nodes\0] free: 36.6gb[9.8%], shards will be relocated away from this node
[2016-06-23 16:18:22,196][WARN ][cluster.routing.allocation.decider] [Nezarr the Calculator] high disk watermark [90%] exceeded on [ttkiIWTNRCaxFhAkhxLCeg][Nezarr the Calculator][C:\wamp\www\radioTech\elasticsearch-5.0.0\data\elasticsearch\nodes\0] free: 36.6gb[9.8%], shards will be relocated away from this node
[2016-06-23 16:18:22,198][INFO ][cluster.routing.allocation.decider] [Nezarr the Calculator] rerouting shards: [high disk watermark exceeded on one or more nodes]
[2016-06-23 16:18:52,205][WARN ][cluster.routing.allocation.decider] [Nezarr the Calculator] high disk watermark [90%] exceeded on [ttkiIWTNRCaxFhAkhxLCeg][Nezarr the Calculator][C:\wamp\www\radioTech\elasticsearch-5.0.0\data\elasticsearch\nodes\0] free: 36.6gb[9.8%], shards will be relocated away from this node
[2016-06-23 16:19:22,209][WARN ][cluster.routing.allocation.decider] [Nezarr the Calculator] high disk watermark [90%] exceeded on [ttkiIWTNRCaxFhAkhxLCeg][Nezarr the Calculator][C:\wamp\www\radioTech\elasticsearch-5.0.0\data\elasticsearch\nodes\0] free: 36.6gb[9.8%], shards will be relocated away from this node
[2016-06-23 16:19:22,211][INFO ][cluster.routing.allocation.decider] [Nezarr the Calculator] rerouting shards: [high disk watermark exceeded on one or more nodes]
[2016-06-23 16:19:52,212][WARN ][cluster.routing.allocation.decider] [Nezarr the Calculator] high disk watermark [90%] exceeded on [ttkiIWTNRCaxFhAkhxLCeg][Nezarr the Calculator][C:\wamp\www\radioTech\elasticsearch-5.0.0\data\elasticsearch\nodes\0] free: 36.6gb[9.8%], shards will be relocated away from this node
[2016-06-23 16:20:22,215][WARN ][cluster.routing.allocation.decider] [Nezarr the Calculator] high disk watermark [90%] exceeded on [ttkiIWTNRCaxFhAkhxLCeg][Nezarr the Calculator][C:\wamp\www\radioTech\elasticsearch-5.0.0\data\elasticsearch\nodes\0] free: 36.6gb[9.8%], shards will be relocated away from this node
[2016-06-23 16:20:22,217][INFO ][cluster.routing.allocation.decider] [Nezarr the Calculator] rerouting shards: [high disk watermark exceeded on one or more nodes]
[2016-06-23 16:20:52,219][WARN ][cluster.routing.allocation.decider] [Nezarr the Calculator] high disk watermark [90%] exceeded on [ttkiIWTNRCaxFhAkhxLCeg][Nezarr the Calculator][C:\wamp\www\radioTech\elasticsearch-5.0.0\data\elasticsearch\nodes\0] free: 36.6gb[9.8%], shards will be relocated away from this node
[2016-06-23 16:21:22,223][WARN ][cluster.routing.allocation.decider] [Nezarr the Calculator] high disk watermark [90%] exceeded on [ttkiIWTNRCaxFhAkhxLCeg][Nezarr the Calculator][C:\wamp\www\radioTech\elasticsearch-5.0.0\data\elasticsearch\nodes\0] free: 36.6gb[9.8%], shards will be relocated away from this node
[2016-06-23 16:21:22,226][INFO ][cluster.routing.allocation.decider] [Nezarr the Calculator] rerouting shards: [high disk watermark exceeded on one or more nodes]
[2016-06-23 16:21:52,227][WARN ][cluster.routing.allocation.decider] [Nezarr the Calculator] high disk watermark [90%] exceeded on [ttkiIWTNRCaxFhAkhxLCeg][Nezarr the Calculator][C:\wamp\www\radioTech\elasticsearch-5.0.0\data\elasticsearch\nodes\0] free: 36.6gb[9.8%], shards will be relocated away from this node
[2016-06-23 16:22:22,231][WARN ][cluster.routing.allocation.decider] [Nezarr the Calculator] high disk watermark [90%] exceeded on [ttkiIWTNRCaxFhAkhxLCeg][Nezarr the Calculator][C:\wamp\www\radioTech\elasticsearch-5.0.0\data\elasticsearch\nodes\0] free: 36.6gb[9.8%], shards will be relocated away from this node
[2016-06-23 16:22:22,233][INFO ][cluster.routing.allocation.decider] [Nezarr the Calculator] rerouting shards: [high disk watermark exceeded on one or more nodes]
[2016-06-23 16:22:52,235][WARN ][cluster.routing.allocation.decider] [Nezarr the Calculator] high disk watermark [90%] exceeded on [ttkiIWTNRCaxFhAkhxLCeg][Nezarr the Calculator][C:\wamp\www\radioTech\elasticsearch-5.0.0\data\elasticsearch\nodes\0] free: 36.6gb[9.8%], shards will be relocated away from this node
[2016-06-23 16:23:22,238][WARN ][cluster.routing.allocation.decider] [Nezarr the Calculator] high disk watermark [90%] exceeded on [ttkiIWTNRCaxFhAkhxLCeg][Nezarr the Calculator][C:\wamp\www\radioTech\elasticsearch-5.0.0\data\elasticsearch\nodes\0] free: 36.6gb[9.8%], shards will be relocated away from this node
[2016-06-23 16:23:22,240][INFO ][cluster.routing.allocation.decider] [Nezarr the Calculator] rerouting shards: [high disk watermark exceeded on one or more nodes]
[2016-06-23 16:23:52,242][WARN ][cluster.routing.allocation.decider] [Nezarr the Calculator] high disk watermark [90%] exceeded on [ttkiIWTNRCaxFhAkhxLCeg][Nezarr the Calculator][C:\wamp\www\radioTech\elasticsearch-5.0.0\data\elasticsearch\nodes\0] free: 36.6gb[9.8%], shards will be relocated away from this node
[2016-06-23 16:24:22,246][WARN ][cluster.routing.allocation.decider] [Nezarr the Calculator] high disk watermark [90%] exceeded on [ttkiIWTNRCaxFhAkhxLCeg][Nezarr the Calculator][C:\wamp\www\radioTech\elasticsearch-5.0.0\data\elasticsearch\nodes\0] free: 36.6gb[9.8%], shards will be relocated away from this node
[2016-06-23 16:24:22,249][INFO ][cluster.routing.allocation.decider] [Nezarr the Calculator] rerouting shards: [high disk watermark exceeded on one or more nodes]
[2016-06-23 16:24:52,412][WARN ][cluster.routing.allocation.decider] [Nezarr the Calculator] high disk watermark [90%] exceeded on [ttkiIWTNRCaxFhAkhxLCeg][Nezarr the Calculator][C:\wamp\www\radioTech\elasticsearch-5.0.0\data\elasticsearch\nodes\0] free: 36.6gb[9.8%], shards will be relocated away from this node
[2016-06-23 16:25:23,425][WARN ][cluster.routing.allocation.decider] [Nezarr the Calculator] high disk watermark [90%] exceeded on [ttkiIWTNRCaxFhAkhxLCeg][Nezarr the Calculator][C:\wamp\www\radioTech\elasticsearch-5.0.0\data\elasticsearch\nodes\0] free: 36.6gb[9.8%], shards will be relocated away from this node
[2016-06-23 16:25:23,426][INFO ][cluster.routing.allocation.decider] [Nezarr the Calculator] rerouting shards: [high disk watermark exceeded on one or more nodes]
[2016-06-23 16:25:54,750][WARN ][cluster.routing.allocation.decider] [Nezarr the Calculator] high disk watermark [90%] exceeded on [ttkiIWTNRCaxFhAkhxLCeg][Nezarr the Calculator][C:\wamp\www\radioTech\elasticsearch-5.0.0\data\elasticsearch\nodes\0] free: 36.6gb[9.8%], shards will be relocated away from this node
[2016-06-23 16:26:27,856][WARN ][cluster.routing.allocation.decider] [Nezarr the Calculator] high disk watermark [90%] exceeded on [ttkiIWTNRCaxFhAkhxLCeg][Nezarr the Calculator][C:\wamp\www\radioTech\elasticsearch-5.0.0\data\elasticsearch\nodes\0] free: 36.3gb[9.7%], shards will be relocated away from this node
[2016-06-23 16:26:27,857][INFO ][cluster.routing.allocation.decider] [Nezarr the Calculator] rerouting shards: [high disk watermark exceeded on one or more nodes]
[2016-06-23 16:27:02,180][WARN ][cluster.routing.allocation.decider] [Nezarr the Calculator] high disk watermark [90%] exceeded on [ttkiIWTNRCaxFhAkhxLCeg][Nezarr the Calculator][C:\wamp\www\radioTech\elasticsearch-5.0.0\data\elasticsearch\nodes\0] free: 36.3gb[9.7%], shards will be relocated away from this node
[2016-06-23 16:27:35,921][WARN ][cluster.routing.allocation.decider] [Nezarr the Calculator] high disk watermark [90%] exceeded on [ttkiIWTNRCaxFhAkhxLCeg][Nezarr the Calculator][C:\wamp\www\radioTech\elasticsearch-5.0.0\data\elasticsearch\nodes\0] free: 36.3gb[9.7%], shards will be relocated away from this node
[2016-06-23 16:27:35,923][INFO ][cluster.routing.allocation.decider] [Nezarr the Calculator] rerouting shards: [high disk watermark exceeded on one or more nodes]
[2016-06-23 16:28:09,302][WARN ][cluster.routing.allocation.decider] [Nezarr the Calculator] high disk watermark [90%] exceeded on [ttkiIWTNRCaxFhAkhxLCeg][Nezarr the Calculator][C:\wamp\www\radioTech\elasticsearch-5.0.0\data\elasticsearch\nodes\0] free: 36.3gb[9.7%], shards will be relocated away from this node
[2016-06-23 16:28:42,213][WARN ][cluster.routing.allocation.decider] [Nezarr the Calculator] high disk watermark [90%] exceeded on [ttkiIWTNRCaxFhAkhxLCeg][Nezarr the Calculator][C:\wamp\www\radioTech\elasticsearch-5.0.0\data\elasticsearch\nodes\0] free: 36.3gb[9.7%], shards will be relocated away from this node
[2016-06-23 16:28:42,216][INFO ][cluster.routing.allocation.decider] [Nezarr the Calculator] rerouting shards: [high disk watermark exceeded on one or more nodes]
[2016-06-23 16:29:14,140][WARN ][cluster.routing.allocation.decider] [Nezarr the Calculator] high disk watermark [90%] exceeded on [ttkiIWTNRCaxFhAkhxLCeg][Nezarr the Calculator][C:\wamp\www\radioTech\elasticsearch-5.0.0\data\elasticsearch\nodes\0] free: 36.3gb[9.7%], shards will be relocated away from this node
[2016-06-23 16:29:46,404][WARN ][cluster.routing.allocation.decider] [Nezarr the Calculator] high disk watermark [90%] exceeded on [ttkiIWTNRCaxFhAkhxLCeg][Nezarr the Calculator][C:\wamp\www\radioTech\elasticsearch-5.0.0\data\elasticsearch\nodes\0] free: 36.3gb[9.7%], shards will be relocated away from this node
[2016-06-23 16:29:46,405][INFO ][cluster.routing.allocation.decider] [Nezarr the Calculator] rerouting shards: [high disk watermark exceeded on one or more nodes]
[2016-06-23 16:30:19,144][WARN ][cluster.routing.allocation.decider] [Nezarr the Calculator] high disk watermark [90%] exceeded on [ttkiIWTNRCaxFhAkhxLCeg][Nezarr the Calculator][C:\wamp\www\radioTech\elasticsearch-5.0.0\data\elasticsearch\nodes\0] free: 36.3gb[9.7%], shards will be relocated away from this node
[2016-06-23 16:30:49,732][WARN ][cluster.routing.allocation.decider] [Nezarr the Calculator] high disk watermark [90%] exceeded on [ttkiIWTNRCaxFhAkhxLCeg][Nezarr the Calculator][C:\wamp\www\radioTech\elasticsearch-5.0.0\data\elasticsearch\nodes\0] free: 36.3gb[9.7%], shards will be relocated away from this node
[2016-06-23 16:30:49,735][INFO ][cluster.routing.allocation.decider] [Nezarr the Calculator] rerouting shards: [high disk watermark exceeded on one or more nodes]
[2016-06-23 16:31:19,738][WARN ][cluster.routing.allocation.decider] [Nezarr the Calculator] high disk watermark [90%] exceeded on [ttkiIWTNRCaxFhAkhxLCeg][Nezarr the Calculator][C:\wamp\www\radioTech\elasticsearch-5.0.0\data\elasticsearch\nodes\0] free: 36.3gb[9.7%], shards will be relocated away from this node
[2016-06-23 16:31:49,741][WARN ][cluster.routing.allocation.decider] [Nezarr the Calculator] high disk watermark [90%] exceeded on [ttkiIWTNRCaxFhAkhxLCeg][Nezarr the Calculator][C:\wamp\www\radioTech\elasticsearch-5.0.0\data\elasticsearch\nodes\0] free: 36.3gb[9.7%], shards will be relocated away from this node
[2016-06-23 16:31:49,743][INFO ][cluster.routing.allocation.decider] [Nezarr the Calculator] rerouting shards: [high disk watermark exceeded on one or more nodes]
[2016-06-23 16:32:19,745][WARN ][cluster.routing.allocation.decider] [Nezarr the Calculator] high disk watermark [90%] exceeded on [ttkiIWTNRCaxFhAkhxLCeg][Nezarr the Calculator][C:\wamp\www\radioTech\elasticsearch-5.0.0\data\elasticsearch\nodes\0] free: 36.3gb[9.7%], shards will be relocated away from this node
[2016-06-23 16:32:49,749][WARN ][cluster.routing.allocation.decider] [Nezarr the Calculator] high disk watermark [90%] exceeded on [ttkiIWTNRCaxFhAkhxLCeg][Nezarr the Calculator][C:\wamp\www\radioTech\elasticsearch-5.0.0\data\elasticsearch\nodes\0] free: 36.3gb[9.7%], shards will be relocated away from this node
[2016-06-23 16:32:49,751][INFO ][cluster.routing.allocation.decider] [Nezarr the Calculator] rerouting shards: [high disk watermark exceeded on one or more nodes]
[2016-06-23 16:32:52,210][INFO ][node                     ] [Nezarr the Calculator] stopping ...
[2016-06-23 16:32:52,978][INFO ][node                     ] [Nezarr the Calculator] stopped
[2016-06-23 16:32:52,978][INFO ][node                     ] [Nezarr the Calculator] closing ...
[2016-06-23 16:32:53,633][INFO ][node                     ] [Nezarr the Calculator] closed
